[debug] ----------------------------------------------------------------------
[debug] Command:      c:\nodejs\node.exe c:\Users\Philippe\AppData\Roaming\npm\node_modules\firebase-tools\bin\firebase serve
[debug] CLI Version:  3.1.0
[debug] Platform:     win32
[debug] Node Version: v0.10.26
[debug] Time:         Wed Nov 16 2016 20:15:42 GMT+0100 (Romance Standard Time)
[debug] ----------------------------------------------------------------------
[debug] 
[info] Starting Firebase development server...
[info] 
[info] Project Directory: c:\Users\Philippe\Dropbox\GDG\HackLeagueFirebase\friendlychat\web
[info] Public Directory: ./
[info] 
[info] Server listening at: http://localhost:5000
[info] Shutting down...
[debug] ----------------------------------------------------------------------
[debug] Command:      c:\nodejs\node.exe c:\Users\Philippe\AppData\Roaming\npm\node_modules\firebase-tools\bin\firebase serve
[debug] CLI Version:  3.1.0
[debug] Platform:     win32
[debug] Node Version: v0.10.26
[debug] Time:         Wed Nov 16 2016 20:20:45 GMT+0100 (Romance Standard Time)
[debug] ----------------------------------------------------------------------
[debug] 
[info] Starting Firebase development server...
[info] 
[info] Project Directory: c:\Users\Philippe\Dropbox\GDG\HackLeagueFirebase\friendlychat\web
[info] Public Directory: ./
[info] 
[info] Server listening at: http://localhost:5000
